
=== Thu Nov 26 11:45:21 2020

Packages were changed.
Update Mode: mergeDefaultDependencies

The following packages were added:
  com.unity.collab-proxy@1.2.16
  com.unity.modules.ai@1.0.0
  com.unity.modules.cloth@1.0.0
  com.unity.modules.director@1.0.0
  com.unity.modules.physics2d@1.0.0
  com.unity.modules.terrain@1.0.0
  com.unity.modules.terrainphysics@1.0.0
  com.unity.modules.tilemap@1.0.0
  com.unity.modules.vehicles@1.0.0
  com.unity.modules.vr@1.0.0
  com.unity.modules.wind@1.0.0
  com.unity.modules.xr@1.0.0
  com.unity.timeline@1.2.16

=== Fri Nov 27 16:15:17 2020

Packages were changed.
Update Mode: updateDependencies

The following packages were added:
  com.unity.2d.sprite@1.0.0
  com.unity.2d.tilemap@1.0.0
  com.unity.multiplayer-hlapi@1.0.6
  com.unity.xr.legacyinputhelpers@2.1.4
The following packages were updated:
  com.unity.ide.vscode from version 1.2.2 to 1.2.3
  com.unity.mobile.android-logcat from version 1.1.1 to 1.2.0
  com.unity.test-framework from version 1.1.16 to 1.1.18
